INFO:silero_tts.model_loader:Loading model from /run/media/alexandr/12T/Pytochnaya/silero-tts/models/v5_ru.pt onto cuda
/run/media/alexandr/12T/Pytochnaya/silero-tts/venv/lib/python3.14/site-packages/torch/package/package_importer.py:260: UserWarning: TypedStorage is deprecated. It will be removed in the future and UntypedStorage will be the only storage class. This should only matter to you if you are using storages directly.  To access UntypedStorage directly, use tensor.untyped_storage() instead of tensor.storage()
  dtype = storage_type.dtype
INFO:httpx:HTTP Request: GET http://localhost:7860/gradio_api/startup-events "HTTP/1.1 200 OK"
INFO:httpx:HTTP Request: HEAD http://localhost:7860/ "HTTP/1.1 200 OK"
INFO:httpx:HTTP Request: HEAD https://huggingface.co/api/telemetry/https%3A/api.gradio.app/gradio-initiated-analytics "HTTP/1.1 200 OK"
INFO:httpx:HTTP Request: HEAD https://huggingface.co/api/telemetry/https%3A/api.gradio.app/gradio-launched-telemetry "HTTP/1.1 200 OK"
INFO:httpx:HTTP Request: GET https://api.gradio.app/pkg-version "HTTP/1.1 200 OK"
INFO:silero_tts.app:Generating: 1523 chars, speaker=xenia, sr=48000
INFO:silero_tts.app:Using long text generation
INFO:silero_tts.app:Generated 4141440 samples
INFO:silero_tts.app:Saved to /tmp/tmp908p3ru0.wav
INFO:silero_tts.app:Generating: 1523 chars, speaker=baya, sr=48000
INFO:silero_tts.app:Using long text generation
INFO:silero_tts.app:Generated 4807440 samples
INFO:silero_tts.app:Saved to /tmp/tmps_su3l2q.wav
INFO:silero_tts.app:Generating: 1523 chars, speaker=kseniya, sr=48000
INFO:silero_tts.app:Using long text generation
INFO:silero_tts.app:Generated 4582440 samples
INFO:silero_tts.app:Saved to /tmp/tmpkq66usi1.wav
INFO:silero_tts.app:Generating: 1523 chars, speaker=aidar, sr=48000
INFO:silero_tts.app:Using long text generation
INFO:silero_tts.app:Generated 4838040 samples
INFO:silero_tts.app:Saved to /tmp/tmpb1vkqeab.wav
INFO:silero_tts.app:Generating: 1523 chars, speaker=eugene, sr=48000
INFO:silero_tts.app:Using long text generation
INFO:silero_tts.app:Generated 3620640 samples
INFO:silero_tts.app:Saved to /tmp/tmpq4giw4m3.wav
